<?xml version="1.0" encoding="UTF-8"?>
<!-- Generated by org.testng.reporters.JUnitReportReporter -->
<testsuite hostname="Alberts-MacBook-Pro" failures="0" tests="1" name="com.periplus.CartTest" time="24.727" errors="0" timestamp="2025-06-02T23:28:25 WIB" skipped="0">
  <testcase classname="com.periplus.CartTest" name="testLoginSearchAndAddToCart" time="24.727"/>
</testsuite> <!-- com.periplus.CartTest -->
